
Showing logs for build [32mcb-kubecd-bdd-spring-1583893505-tpq9v-1[0m stage [32mfrom-build-pack[0m and container [32mstep-credential-initializer-mfqvc[0m
{"level":"warn","ts":1583893671.4268792,"logger":"fallback-logger","caller":"logging/config.go:69","msg":"Fetch GitHub commit ID from kodata failed: \"ref: refs/heads/0.8.0-**-support-backwards-incompats\" is not a valid GitHub commit ID"}
{"level":"info","ts":1583893671.4276354,"logger":"fallback-logger","caller":"creds-init/main.go:40","msg":"Credentials initialized."}

Showing logs for build [32mcb-kubecd-bdd-spring-1583893505-tpq9v-1[0m stage [32mfrom-build-pack[0m and container [32mstep-working-dir-initializer-pllbm[0m
{"level":"warn","ts":1583893672.3909001,"logger":"fallback-logger","caller":"logging/config.go:69","msg":"Fetch GitHub commit ID from kodata failed: open /var/run/ko/HEAD: no such file or directory"}
{"level":"info","ts":1583893672.392604,"logger":"fallback-logger","caller":"bash/main.go:64","msg":"Successfully executed command \"sh -c mkdir -p /workspace/source\"; output "}

Showing logs for build [32mcb-kubecd-bdd-spring-1583893505-tpq9v-1[0m stage [32mfrom-build-pack[0m and container [32mstep-place-tools[0m

Showing logs for build [32mcb-kubecd-bdd-spring-1583893505-tpq9v-1[0m stage [32mfrom-build-pack[0m and container [32mstep-git-source-cb-kubecd-bdd-spring-1583893505-tpq9v-hwh87[0m
{"level":"warn","ts":1583893682.489022,"logger":"fallback-logger","caller":"logging/config.go:69","msg":"Fetch GitHub commit ID from kodata failed: \"ref: refs/heads/0.8.0-**-support-backwards-incompats\" is not a valid GitHub commit ID"}
{"level":"info","ts":1583893683.7572827,"logger":"fallback-logger","caller":"git/git.go:103","msg":"Successfully cloned https://github.com/cb-kubecd/bdd-spring-1583893505.git @ v0.0.1 in path /workspace/source"}

Showing logs for build [32mcb-kubecd-bdd-spring-1583893505-tpq9v-1[0m stage [32mfrom-build-pack[0m and container [32mstep-git-merge[0m
Using SHAs from PULL_REFS=master:38bf07f3ecb5aa2cca212b50fb9d13bb15ee2a81
WARNING: no SHAs to merge, falling back to initial cloned commit

Showing logs for build [32mcb-kubecd-bdd-spring-1583893505-tpq9v-1[0m stage [32mfrom-build-pack[0m and container [32mstep-setup-jx-git-credentials[0m
Generated Git credentials file /workspace/xdg_config/git/credentials

Showing logs for build [32mcb-kubecd-bdd-spring-1583893505-tpq9v-1[0m stage [32mfrom-build-pack[0m and container [32mstep-build-mvn-deploy[0m
Picked up _JAVA_OPTIONS: -XX:+UnlockExperimentalVMOptions -XX:+UseCGroupMemoryLimitForHeap -Dsun.zip.disableMemoryMapping=true -XX:+UseParallelGC -XX:MinHeapFreeRatio=5 -XX:MaxHeapFreeRatio=10 -XX:GCTimeRatio=4 -XX:AdaptiveSizePolicyWeight=90 -Xms10m -Xmx192m
OpenJDK 64-Bit Server VM warning: If the number of processors is expected to increase from one, then you should configure the number of parallel GC threads appropriately using -XX:ParallelGCThreads=N
[INFO] Scanning for projects...
[INFO] 
[INFO] -----------------< com.example:bdd-spring-1583893505 >------------------
[INFO] Building demo 0.0.1
[INFO] --------------------------------[ jar ]---------------------------------
[INFO] 
[INFO] --- maven-clean-plugin:3.1.0:clean (default-clean) @ bdd-spring-1583893505 ---
[INFO] 
[INFO] --- maven-resources-plugin:3.1.0:resources (default-resources) @ bdd-spring-1583893505 ---
[INFO] Using 'UTF-8' encoding to copy filtered resources.
[INFO] Copying 1 resource
[INFO] Copying 0 resource
[INFO] 
[INFO] --- maven-compiler-plugin:3.8.1:compile (default-compile) @ bdd-spring-1583893505 ---
[INFO] Changes detected - recompiling the module!
[INFO] Compiling 1 source file to /workspace/source/target/classes
[INFO] 
[INFO] --- maven-resources-plugin:3.1.0:testResources (default-testResources) @ bdd-spring-1583893505 ---
[INFO] Using 'UTF-8' encoding to copy filtered resources.
[INFO] skip non existing resourceDirectory /workspace/source/src/test/resources
[INFO] 
[INFO] --- maven-compiler-plugin:3.8.1:testCompile (default-testCompile) @ bdd-spring-1583893505 ---
[INFO] Changes detected - recompiling the module!
[INFO] Compiling 1 source file to /workspace/source/target/test-classes
[INFO] 
[INFO] --- maven-surefire-plugin:3.0.0-M1:test (default-test) @ bdd-spring-1583893505 ---
[INFO] 
[INFO] -------------------------------------------------------
[INFO]  T E S T S
[INFO] -------------------------------------------------------
[INFO] Running com.example.bddspring1583893505.DemoApplicationTests
02:28:58.130 [main] DEBUG org.springframework.test.context.BootstrapUtils - Instantiating CacheAwareContextLoaderDelegate from class [org.springframework.test.context.cache.DefaultCacheAwareContextLoaderDelegate]
02:28:58.212 [main] DEBUG org.springframework.test.context.BootstrapUtils - Instantiating BootstrapContext using constructor [public org.springframework.test.context.support.DefaultBootstrapContext(java.lang.Class,org.springframework.test.context.CacheAwareContextLoaderDelegate)]
02:28:58.330 [main] DEBUG org.springframework.test.context.BootstrapUtils - Instantiating TestContextBootstrapper for test class [com.example.bddspring1583893505.DemoApplicationTests] from class [org.springframework.boot.test.context.SpringBootTestContextBootstrapper]
02:28:58.396 [main] INFO org.springframework.boot.test.context.SpringBootTestContextBootstrapper - Neither @ContextConfiguration nor @ContextHierarchy found for test class [com.example.bddspring1583893505.DemoApplicationTests], using SpringBootContextLoader
02:28:58.411 [main] DEBUG org.springframework.test.context.support.AbstractContextLoader - Did not detect default resource location for test class [com.example.bddspring1583893505.DemoApplicationTests]: class path resource [com/example/bddspring1583893505/DemoApplicationTests-context.xml] does not exist
02:28:58.413 [main] DEBUG org.springframework.test.context.support.AbstractContextLoader - Did not detect default resource location for test class [com.example.bddspring1583893505.DemoApplicationTests]: class path resource [com/example/bddspring1583893505/DemoApplicationTestsContext.groovy] does not exist
02:28:58.415 [main] INFO org.springframework.test.context.support.AbstractContextLoader - Could not detect default resource locations for test class [com.example.bddspring1583893505.DemoApplicationTests]: no resource found for suffixes {-context.xml, Context.groovy}.
02:28:58.417 [main] INFO org.springframework.test.context.support.AnnotationConfigContextLoaderUtils - Could not detect default configuration classes for test class [com.example.bddspring1583893505.DemoApplicationTests]: DemoApplicationTests does not declare any static, non-private, non-final, nested classes annotated with @Configuration.
02:28:58.502 [main] DEBUG org.springframework.test.context.support.ActiveProfilesUtils - Could not find an 'annotation declaring class' for annotation type [org.springframework.test.context.ActiveProfiles] and class [com.example.bddspring1583893505.DemoApplicationTests]
02:28:58.714 [main] DEBUG org.springframework.context.annotation.ClassPathScanningCandidateComponentProvider - Identified candidate component class: file [/workspace/source/target/classes/com/example/bddspring1583893505/DemoApplication.class]
02:28:58.717 [main] INFO org.springframework.boot.test.context.SpringBootTestContextBootstrapper - Found @SpringBootConfiguration com.example.bddspring1583893505.DemoApplication for test class com.example.bddspring1583893505.DemoApplicationTests
02:28:58.989 [main] DEBUG org.springframework.boot.test.context.SpringBootTestContextBootstrapper - @TestExecutionListeners is not present for class [com.example.bddspring1583893505.DemoApplicationTests]: using defaults.
02:28:58.990 [main] INFO org.springframework.boot.test.context.SpringBootTestContextBootstrapper - Loaded default TestExecutionListener class names from location [META-INF/spring.factories]: [org.springframework.boot.test.mock.mockito.MockitoTestExecutionListener, org.springframework.boot.test.mock.mockito.ResetMocksTestExecutionListener, org.springframework.boot.test.autoconfigure.restdocs.RestDocsTestExecutionListener, org.springframework.boot.test.autoconfigure.web.client.MockRestServiceServerResetTestExecutionListener, org.springframework.boot.test.autoconfigure.web.servlet.MockMvcPrintOnlyOnFailureTestExecutionListener, org.springframework.boot.test.autoconfigure.web.servlet.WebDriverTestExecutionListener, org.springframework.test.context.web.ServletTestExecutionListener, org.springframework.test.context.support.DirtiesContextBeforeModesTestExecutionListener, org.springframework.test.context.support.DependencyInjectionTestExecutionListener, org.springframework.test.context.support.DirtiesContextTestExecutionListener, org.springframework.test.context.transaction.TransactionalTestExecutionListener, org.springframework.test.context.jdbc.SqlScriptsTestExecutionListener, org.springframework.test.context.event.EventPublishingTestExecutionListener]
02:28:59.029 [main] DEBUG org.springframework.boot.test.context.SpringBootTestContextBootstrapper - Skipping candidate TestExecutionListener [org.springframework.test.context.transaction.TransactionalTestExecutionListener] due to a missing dependency. Specify custom listener classes or make the default listener classes and their required dependencies available. Offending class: [org/springframework/transaction/interceptor/TransactionAttributeSource]
02:28:59.029 [main] DEBUG org.springframework.boot.test.context.SpringBootTestContextBootstrapper - Skipping candidate TestExecutionListener [org.springframework.test.context.jdbc.SqlScriptsTestExecutionListener] due to a missing dependency. Specify custom listener classes or make the default listener classes and their required dependencies available. Offending class: [org/springframework/transaction/interceptor/TransactionAttribute]
02:28:59.030 [main] INFO org.springframework.boot.test.context.SpringBootTestContextBootstrapper - Using TestExecutionListeners: [org.springframework.test.context.web.ServletTestExecutionListener@3d6f0054, org.springframework.test.context.support.DirtiesContextBeforeModesTestExecutionListener@505fc5a4, org.springframework.boot.test.mock.mockito.MockitoTestExecutionListener@5fbdfdcf, org.springframework.boot.test.autoconfigure.SpringBootDependencyInjectionTestExecutionListener@4efc180e, org.springframework.test.context.support.DirtiesContextTestExecutionListener@bd4dc25, org.springframework.test.context.event.EventPublishingTestExecutionListener@25084a1e, org.springframework.boot.test.mock.mockito.ResetMocksTestExecutionListener@156b88f5, org.springframework.boot.test.autoconfigure.restdocs.RestDocsTestExecutionListener@3bf9ce3e, org.springframework.boot.test.autoconfigure.web.client.MockRestServiceServerResetTestExecutionListener@16610890, org.springframework.boot.test.autoconfigure.web.servlet.MockMvcPrintOnlyOnFailureTestExecutionListener@71def8f8, org.springframework.boot.test.autoconfigure.web.servlet.WebDriverTestExecutionListener@383bfa16]
02:28:59.036 [main] DEBUG org.springframework.test.context.support.AbstractDirtiesContextTestExecutionListener - Before test class: context [DefaultTestContext@2fb3536e testClass = DemoApplicationTests, testInstance = [null], testMethod = [null], testException = [null], mergedContextConfiguration = [WebMergedContextConfiguration@169e6180 testClass = DemoApplicationTests, locations = '{}', classes = '{class com.example.bddspring1583893505.DemoApplication}', contextInitializerClasses = '[]', activeProfiles = '{}', propertySourceLocations = '{}', propertySourceProperties = '{org.springframework.boot.test.context.SpringBootTestContextBootstrapper=true}', contextCustomizers = set[org.springframework.boot.test.context.filter.ExcludeFilterContextCustomizer@12b0404f, org.springframework.boot.test.json.DuplicateJsonObjectContextCustomizerFactory$DuplicateJsonObjectContextCustomizer@71b1176b, org.springframework.boot.test.mock.mockito.MockitoContextCustomizer@0, org.springframework.boot.test.web.client.TestRestTemplateContextCustomizer@794cb805, org.springframework.boot.test.autoconfigure.properties.PropertyMappingContextCustomizer@0, org.springframework.boot.test.autoconfigure.web.servlet.WebDriverContextCustomizerFactory$Customizer@36c88a32], resourceBasePath = 'src/main/webapp', contextLoader = 'org.springframework.boot.test.context.SpringBootContextLoader', parent = [null]], attributes = map['org.springframework.test.context.web.ServletTestExecutionListener.activateListener' -> true]], class annotated with @DirtiesContext [false] with mode [null].
02:28:59.114 [main] DEBUG org.springframework.test.context.support.TestPropertySourceUtils - Adding inlined properties to environment: {spring.jmx.enabled=false, org.springframework.boot.test.context.SpringBootTestContextBootstrapper=true, server.port=-1}

  .   ____          _            __ _ _
 /\\ / ___'_ __ _ _(_)_ __  __ _ \ \ \ \
( ( )\___ | '_ | '_| | '_ \/ _` | \ \ \ \
 \\/  ___)| |_)| | | | | || (_| |  ) ) ) )
  '  |____| .__|_| |_|_| |_\__, | / / / /
 =========|_|==============|___/=/_/_/_/
 :: Spring Boot ::        (v2.2.5.RELEASE)

2020-03-11 02:28:59.838  INFO 67 --- [           main] c.e.b.DemoApplicationTests               : Starting DemoApplicationTests on cb-kubecd-bdd-spring-1583893505-tpq9v-1-from-build-pack-zxrvh-p with PID 67 (started by root in /workspace/source)
2020-03-11 02:28:59.840  INFO 67 --- [           main] c.e.b.DemoApplicationTests               : No active profile set, falling back to default profiles: default
2020-03-11 02:29:07.478  INFO 67 --- [           main] o.s.s.concurrent.ThreadPoolTaskExecutor  : Initializing ExecutorService 'applicationTaskExecutor'
2020-03-11 02:29:09.624  INFO 67 --- [           main] o.s.b.a.e.web.EndpointLinksResolver      : Exposing 2 endpoint(s) beneath base path '/actuator'
2020-03-11 02:29:10.106  INFO 67 --- [           main] c.e.b.DemoApplicationTests               : Started DemoApplicationTests in 10.973 seconds (JVM running for 13.796)
[INFO] Tests run: 1, Failures: 0, Errors: 0, Skipped: 0, Time elapsed: 12.991 s - in com.example.bddspring1583893505.DemoApplicationTests
2020-03-11 02:29:11.024  INFO 67 --- [extShutdownHook] o.s.s.concurrent.ThreadPoolTaskExecutor  : Shutting down ExecutorService 'applicationTaskExecutor'
[INFO] 
[INFO] Results:
[INFO] 
[INFO] Tests run: 1, Failures: 0, Errors: 0, Skipped: 0
[INFO] 
[INFO] 
[INFO] --- maven-jar-plugin:3.1.2:jar (default-jar) @ bdd-spring-1583893505 ---
[INFO] Building jar: /workspace/source/target/bdd-spring-1583893505-0.0.1.jar
[INFO] 
[INFO] --- spring-boot-maven-plugin:2.2.5.RELEASE:repackage (repackage) @ bdd-spring-1583893505 ---
[INFO] Replacing main artifact with repackaged archive
[INFO] 
[INFO] --- maven-install-plugin:2.5.2:install (default-install) @ bdd-spring-1583893505 ---
[INFO] Installing /workspace/source/target/bdd-spring-1583893505-0.0.1.jar to /home/jenkins/.mvnrepository/com/example/bdd-spring-1583893505/0.0.1/bdd-spring-1583893505-0.0.1.jar
[INFO] Installing /workspace/source/pom.xml to /home/jenkins/.mvnrepository/com/example/bdd-spring-1583893505/0.0.1/bdd-spring-1583893505-0.0.1.pom
[INFO] 
[INFO] --- maven-deploy-plugin:2.8.2:deploy (default-deploy) @ bdd-spring-1583893505 ---
[INFO] Using alternate deployment repository local-nexus::default::http://nexus/repository/maven-releases/
[INFO] ------------------------------------------------------------------------
[INFO] BUILD SUCCESS
[INFO] ------------------------------------------------------------------------
[INFO] Total time:  01:22 min
[INFO] Finished at: 2020-03-11T02:29:31Z
[INFO] ------------------------------------------------------------------------

Showing logs for build [32mcb-kubecd-bdd-spring-1583893505-tpq9v-1[0m stage [32mfrom-build-pack[0m and container [32mstep-build-skaffold-version[0m
v1.0.1

Showing logs for build [32mcb-kubecd-bdd-spring-1583893505-tpq9v-1[0m stage [32mfrom-build-pack[0m and container [32mstep-build-container-build[0m
[36mINFO[0m[0000] Downloading base image openjdk:8-jdk-slim    
ERROR: logging before flag.Parse: E0311 02:29:33.078937      10 metadata.go:142] while reading 'google-dockercfg' metadata: http status code: 404 while fetching url http://metadata.google.internal./computeMetadata/v1/instance/attributes/google-dockercfg
ERROR: logging before flag.Parse: E0311 02:29:33.083045      10 metadata.go:159] while reading 'google-dockercfg-url' metadata: http status code: 404 while fetching url http://metadata.google.internal./computeMetadata/v1/instance/attributes/google-dockercfg-url
2020/03/11 02:29:33 No matching credentials were found, falling back on anonymous
[36mINFO[0m[0001] Error while retrieving image from cache: getting file info: stat /workspace/sha256:9a6201786a233a26fa84d1f61affddacab15e9cba06bb9cf0db38ec9c285773b: no such file or directory 
[36mINFO[0m[0001] Downloading base image openjdk:8-jdk-slim    
2020/03/11 02:29:34 No matching credentials were found, falling back on anonymous
[36mINFO[0m[0002] cmd: EXPOSE                                  
[36mINFO[0m[0002] Adding exposed port: 8080/tcp                
[36mINFO[0m[0002] Using files from context: [/workspace/source/pom.xml] 
[36mINFO[0m[0002] Using files from context: [/workspace/source/target/bdd-spring-1583893505-0.0.1.jar] 
[36mINFO[0m[0002] Skipping unpacking as no commands require it. 
[36mINFO[0m[0002] Taking snapshot of full filesystem...        
[36mINFO[0m[0002] ENV PORT 8080                                
[36mINFO[0m[0002] No files changed in this command, skipping snapshotting. 
[36mINFO[0m[0002] ENV CLASSPATH /opt/lib                       
[36mINFO[0m[0002] No files changed in this command, skipping snapshotting. 
[36mINFO[0m[0002] EXPOSE 8080                                  
[36mINFO[0m[0002] cmd: EXPOSE                                  
[36mINFO[0m[0002] Adding exposed port: 8080/tcp                
[36mINFO[0m[0002] No files changed in this command, skipping snapshotting. 
[36mINFO[0m[0002] Using files from context: [/workspace/source/pom.xml] 
[36mINFO[0m[0002] COPY pom.xml target/lib* /opt/lib/           
[36mINFO[0m[0002] Taking snapshot of files...                  
[36mINFO[0m[0002] Using files from context: [/workspace/source/target/bdd-spring-1583893505-0.0.1.jar] 
[36mINFO[0m[0002] COPY target/*.jar /opt/app.jar               
[36mINFO[0m[0002] Taking snapshot of files...                  
[36mINFO[0m[0003] WORKDIR /opt                                 
[36mINFO[0m[0003] cmd: workdir                                 
[36mINFO[0m[0003] Changed working directory to /opt            
[36mINFO[0m[0003] No files changed in this command, skipping snapshotting. 
[36mINFO[0m[0003] CMD ["java", "-XX:+UnlockExperimentalVMOptions", "-XX:+UseCGroupMemoryLimitForHeap", "-jar", "app.jar"] 
[36mINFO[0m[0003] No files changed in this command, skipping snapshotting. 
2020/03/11 02:29:36 existing blob: sha256:68ced04f60ab5c7a5f1d0b0b4e7572c5a4c8cce44866513d30d9df1a15277d6b
2020/03/11 02:29:36 existing blob: sha256:cd812b6e86d2716865163d0858b828d2adbce541cd7b2f057ec5a461f0ac4301
2020/03/11 02:29:36 existing blob: sha256:4874c5772968dcab87c114bee2baf2c7e9a06dda36e63bdfeab71bd4d6f02890
2020/03/11 02:29:36 existing blob: sha256:1036c6da18fe8ac7f046061bc1cc870d2a1608caceded73416ec139bae64a0c6
2020/03/11 02:29:39 pushed blob: sha256:a2d76f637f0ae611626af7ba09145e2e7538755687334512771b78ffc76fd2bf
2020/03/11 02:29:39 pushed blob: sha256:5075b4aa36b7948bead2e5900ffa8bcbb24101898584b1ce316092a25d8b387e
2020/03/11 02:29:42 pushed blob: sha256:db22032ec7085e56d935526dd4fb73a88318ed2caa52dbb83fe3854f0e794c3f
2020/03/11 02:29:43 gcr.io/jenkins-x-bdd3/bdd-spring-1583893505:0.0.1: digest: sha256:a282b61592ed22889d37008b062c84af9511850814ca43018b5509c9313e9a4f size: 1244

Showing logs for build [32mcb-kubecd-bdd-spring-1583893505-tpq9v-1[0m stage [32mfrom-build-pack[0m and container [32mstep-build-post-build[0m
no CVE provider running in the current ** namespace so skip adding image to be analysed

Showing logs for build [32mcb-kubecd-bdd-spring-1583893505-tpq9v-1[0m stage [32mfrom-build-pack[0m and container [32mstep-promote-changelog[0m
Converted /workspace/source/charts/bdd-spring-1583893505 to an unshallow repository
Generating change log from git ref 626480b80388594da7858eba92e1aafe4569b4f9 => e7d0f1f7df847d595795f04097cda68aff461cba
Associating user x-0 in users.jenkins.io with email c**d-bot@cloudbees.com to git GitProvider user with login -0 as emails match
Adding label jenkins.io/git-github-userid=-0 to user x-0 in users.jenkins.io
WARNING: Failed to enrich commit 38bf07f3ecb5aa2cca212b50fb9d13bb15ee2a81 with issues: User.jenkins.io "x-0" is invalid: metadata.labels: Invalid value: "-0": a valid label must be an empty string or consist of alphanumeric characters, '-', '_' or '.', and must start and end with an alphanumeric character (e.g. 'MyValue',  or 'my_value',  or '12345', regex used for validation is '(([A-Za-z0-9][-A-Za-z0-9_.]*)?[A-Za-z0-9])?')
Finding issues in commit messages using git format
Associating user x-0 in users.jenkins.io with email c**d-bot@cloudbees.com to git GitProvider user with login -0 as emails match
Adding label jenkins.io/git-github-userid=-0 to user x-0 in users.jenkins.io
WARNING: Failed to enrich commit 4ba1894f0fe64360be5d6251ced7497c161c463c with issues: User.jenkins.io "x-0" is invalid: metadata.labels: Invalid value: "-0": a valid label must be an empty string or consist of alphanumeric characters, '-', '_' or '.', and must start and end with an alphanumeric character (e.g. 'MyValue',  or 'my_value',  or '12345', regex used for validation is '(([A-Za-z0-9][-A-Za-z0-9_.]*)?[A-Za-z0-9])?')
Associating user x-0 in users.jenkins.io with email c**d-bot@cloudbees.com to git GitProvider user with login -0 as emails match
Adding label jenkins.io/git-github-userid=-0 to user x-0 in users.jenkins.io
WARNING: Failed to enrich commit 4ba1894f0fe64360be5d6251ced7497c161c463c with issues: User.jenkins.io "x-0" is invalid: metadata.labels: Invalid value: "-0": a valid label must be an empty string or consist of alphanumeric characters, '-', '_' or '.', and must start and end with an alphanumeric character (e.g. 'MyValue',  or 'my_value',  or '12345', regex used for validation is '(([A-Za-z0-9][-A-Za-z0-9_.]*)?[A-Za-z0-9])?')
WARNING: No release found for cb-kubecd/bdd-spring-1583893505 and tag v0.0.1 so creating a new release
Updated the release information at https://github.com/cb-kubecd/bdd-spring-1583893505/releases/tag/v0.0.1
generated: /workspace/source/charts/bdd-spring-1583893505/templates/release.yaml
Created Release bdd-spring-1583893505-0-0-1 resource in namespace **
Updating PipelineActivity cb-kubecd-bdd-spring-1583893505-master-1 with version 0.0.1
Updated PipelineActivities cb-kubecd-bdd-spring-1583893505-master-1 with release notes URL: https://github.com/cb-kubecd/bdd-spring-1583893505/releases/tag/v0.0.1

Showing logs for build [32mcb-kubecd-bdd-spring-1583893505-tpq9v-1[0m stage [32mfrom-build-pack[0m and container [32mstep-promote-helm-release[0m
WARNING: No $CHART_REPOSITORY defined so using the default value of: http://jenkins-x-chartmuseum:8080
Adding missing Helm repo: storage.googleapis.com https://storage.googleapis.com/chartmuseum.jenkins-x.io
WARNING: No secrets found on "helm/repos" due: reading the secret "helm/repos" from vault: no secret "helm/repos" not found in vault
Read credentials for https://storage.googleapis.com/chartmuseum.jenkins-x.io from vault helm/repos
Successfully added Helm repository storage.googleapis.com.
Adding missing Helm repo: jenkins-x-chartmuseum http://jenkins-x-chartmuseum:8080
WARNING: No secrets found on "helm/repos" due: reading the secret "helm/repos" from vault: no secret "helm/repos" not found in vault
Read credentials for http://jenkins-x-chartmuseum:8080 from vault helm/repos
Successfully added Helm repository jenkins-x-chartmuseum.
WARNING: No $CHART_REPOSITORY defined so using the default value of: http://jenkins-x-chartmuseum:8080
Uploading chart file bdd-spring-1583893505-0.0.1.tgz to http://jenkins-x-chartmuseum:8080/api/charts
Received 201 response: {"saved":true}

Showing logs for build [32mcb-kubecd-bdd-spring-1583893505-tpq9v-1[0m stage [32mfrom-build-pack[0m and container [32mstep-promote-jx-promote[0m
WARNING: prow based install so skip waiting for the merge of Pull Requests to go green as currently there is an issue with gettingstatuses from the PR, see https://github.com/jenkins-x/**/issues/2410
WARNING: No $CHART_REPOSITORY defined so using the default value of: http://jenkins-x-chartmuseum:8080
Promoting app bdd-spring-1583893505 version 0.0.1 to namespace **-staging
WARNING: 
WARNING: Waiting for the fork of *************/environment-pr-179-1-boot-gke-staging to appear...
Forked Git repository to https://github.com/*************/environment-pr-179-1-boot-gke-staging
Created Pull Request: https://github.com/cb-kubecd/environment-pr-179-1-boot-gke-staging/pull/1
Added label updatebot to Pull Request https://github.com/cb-kubecd/environment-pr-179-1-boot-gke-staging/pull/1
got git provider status pending from PR https://github.com/cb-kubecd/environment-pr-179-1-boot-gke-staging/pull/1
got git provider status pending from PR https://github.com/cb-kubecd/environment-pr-179-1-boot-gke-staging/pull/1
got git provider status pending from PR https://github.com/cb-kubecd/environment-pr-179-1-boot-gke-staging/pull/1
got git provider status pending from PR https://github.com/cb-kubecd/environment-pr-179-1-boot-gke-staging/pull/1
got git provider status pending from PR https://github.com/cb-kubecd/environment-pr-179-1-boot-gke-staging/pull/1
got git provider status pending from PR https://github.com/cb-kubecd/environment-pr-179-1-boot-gke-staging/pull/1
got git provider status pending from PR https://github.com/cb-kubecd/environment-pr-179-1-boot-gke-staging/pull/1
got git provider status pending from PR https://github.com/cb-kubecd/environment-pr-179-1-boot-gke-staging/pull/1
got git provider status pending from PR https://github.com/cb-kubecd/environment-pr-179-1-boot-gke-staging/pull/1
got git provider status pending from PR https://github.com/cb-kubecd/environment-pr-179-1-boot-gke-staging/pull/1
got git provider status pending from PR https://github.com/cb-kubecd/environment-pr-179-1-boot-gke-staging/pull/1
got git provider status pending from PR https://github.com/cb-kubecd/environment-pr-179-1-boot-gke-staging/pull/1
Pull Request https://github.com/cb-kubecd/environment-pr-179-1-boot-gke-staging/pull/1 is merged at sha c9eb103ab47b09eb46f5afc77d2d05c34afae049
Pull Request merged but we are not waiting for the update pipeline to complete!
WARNING: Could not find the service URL in namespace **-staging for names bdd-spring-1583893505, **-bdd-spring-1583893505, **-staging-bdd-spring-1583893505
